<?xml version="1.0" encoding="UTF-8"?>
<testsuite name="com.example.prography_quest.CreateRoomApiControllerTest" tests="1" skipped="0" failures="0" errors="0" timestamp="2024-12-26T01:24:57" hostname="baggyutaeui-MacBookAir.local" time="2.476">
  <properties/>
  <testcase name="CreateRoom api 테스트 성공" classname="com.example.prography_quest.CreateRoomApiControllerTest" time="2.476"/>
  <system-out><![CDATA[10:24:54.901 [Test worker] INFO org.springframework.test.context.support.AnnotationConfigContextLoaderUtils -- Could not detect default configuration classes for test class [com.example.prography_quest.CreateRoomApiControllerTest]: CreateRoomApiControllerTest does not declare any static, non-private, non-final, nested classes annotated with @Configuration.
10:24:54.967 [Test worker] INFO org.springframework.boot.test.context.SpringBootTestContextBootstrapper -- Found @SpringBootConfiguration com.example.prography_quest.PrographyQuestApplication for test class com.example.prography_quest.CreateRoomApiControllerTest

  .   ____          _            __ _ _
 /\\ / ___'_ __ _ _(_)_ __  __ _ \ \ \ \
( ( )\___ | '_ | '_| | '_ \/ _` | \ \ \ \
 \\/  ___)| |_)| | | | | || (_| |  ) ) ) )
  '  |____| .__|_| |_|_| |_\__, | / / / /
 =========|_|==============|___/=/_/_/_/
 :: Spring Boot ::                (v3.1.4)

2024-12-26T10:24:55.170+09:00  INFO 83214 --- [    Test worker] c.e.p.CreateRoomApiControllerTest        : Starting CreateRoomApiControllerTest using Java 19.0.2 with PID 83214 (started by parkgyutae in /Users/parkgyutae/IdeaProjects/9th-prography-spring)
2024-12-26T10:24:55.171+09:00  INFO 83214 --- [    Test worker] c.e.p.CreateRoomApiControllerTest        : The following 1 profile is active: "dev"
2024-12-26T10:24:55.568+09:00  INFO 83214 --- [    Test worker] .s.d.r.c.RepositoryConfigurationDelegate : Bootstrapping Spring Data JPA repositories in DEFAULT mode.
2024-12-26T10:24:55.650+09:00  INFO 83214 --- [    Test worker] .s.d.r.c.RepositoryConfigurationDelegate : Finished Spring Data repository scanning in 79 ms. Found 3 JPA repository interfaces.
2024-12-26T10:24:55.914+09:00  INFO 83214 --- [    Test worker] o.hibernate.jpa.internal.util.LogHelper  : HHH000204: Processing PersistenceUnitInfo [name: default]
2024-12-26T10:24:55.941+09:00  INFO 83214 --- [    Test worker] org.hibernate.Version                    : HHH000412: Hibernate ORM core version 6.2.9.Final
2024-12-26T10:24:55.942+09:00  INFO 83214 --- [    Test worker] org.hibernate.cfg.Environment            : HHH000406: Using bytecode reflection optimizer
2024-12-26T10:24:56.002+09:00  INFO 83214 --- [    Test worker] o.h.b.i.BytecodeProviderInitiator        : HHH000021: Bytecode provider name : bytebuddy
2024-12-26T10:24:56.063+09:00  INFO 83214 --- [    Test worker] o.s.o.j.p.SpringPersistenceUnitInfo      : No LoadTimeWeaver setup: ignoring JPA class transformer
2024-12-26T10:24:56.071+09:00  INFO 83214 --- [    Test worker] com.zaxxer.hikari.HikariDataSource       : HikariPool-1 - Starting...
2024-12-26T10:24:56.164+09:00  INFO 83214 --- [    Test worker] com.zaxxer.hikari.pool.HikariPool        : HikariPool-1 - Added connection conn0: url=jdbc:h2:mem:prography user=SA
2024-12-26T10:24:56.165+09:00  INFO 83214 --- [    Test worker] com.zaxxer.hikari.HikariDataSource       : HikariPool-1 - Start completed.
2024-12-26T10:24:56.267+09:00  INFO 83214 --- [    Test worker] o.h.b.i.BytecodeProviderInitiator        : HHH000021: Bytecode provider name : bytebuddy
2024-12-26T10:24:56.628+09:00  INFO 83214 --- [    Test worker] o.h.e.t.j.p.i.JtaPlatformInitiator       : HHH000490: Using JtaPlatform implementation: [org.hibernate.engine.transaction.jta.platform.internal.NoJtaPlatform]
2024-12-26T10:24:56.648+09:00  INFO 83214 --- [    Test worker] j.LocalContainerEntityManagerFactoryBean : Initialized JPA EntityManagerFactory for persistence unit 'default'
2024-12-26T10:24:56.937+09:00  WARN 83214 --- [    Test worker] .s.s.UserDetailsServiceAutoConfiguration : 

Using generated security password: 8fba4011-dfa1-436a-8207-2308678998ed

This generated password is for development use only. Your security configuration must be updated before running your application in production.

2024-12-26T10:24:56.997+09:00  INFO 83214 --- [    Test worker] o.s.s.web.DefaultSecurityFilterChain     : Will secure any request with [org.springframework.security.web.session.DisableEncodeUrlFilter@2c3f81ef, org.springframework.security.web.context.request.async.WebAsyncManagerIntegrationFilter@374013e8, org.springframework.security.web.context.SecurityContextHolderFilter@31ecb361, org.springframework.security.web.header.HeaderWriterFilter@22ea09b7, org.springframework.security.web.authentication.logout.LogoutFilter@1722ede1, com.example.prography_quest.global.common.jwt.JwtAuthenticationFilter@712dd0b0, org.springframework.security.web.savedrequest.RequestCacheAwareFilter@51d26fed, org.springframework.security.web.servletapi.SecurityContextHolderAwareRequestFilter@6b23897a, org.springframework.security.web.authentication.AnonymousAuthenticationFilter@6b3284, org.springframework.security.web.session.SessionManagementFilter@36a7586f, org.springframework.security.web.access.ExceptionTranslationFilter@3c070ade, org.springframework.security.web.access.intercept.AuthorizationFilter@403b7be3]
2024-12-26T10:24:57.548+09:00  INFO 83214 --- [    Test worker] o.s.b.a.h2.H2ConsoleAutoConfiguration    : H2 console available at '/h2-console'. Database available at 'jdbc:h2:mem:prography'
2024-12-26T10:24:57.620+09:00  INFO 83214 --- [    Test worker] o.s.b.t.m.w.SpringBootMockServletContext : Initializing Spring TestDispatcherServlet ''
2024-12-26T10:24:57.620+09:00  INFO 83214 --- [    Test worker] o.s.t.web.servlet.TestDispatcherServlet  : Initializing Servlet ''
2024-12-26T10:24:57.621+09:00  INFO 83214 --- [    Test worker] o.s.t.web.servlet.TestDispatcherServlet  : Completed initialization in 1 ms
2024-12-26T10:24:57.675+09:00  INFO 83214 --- [    Test worker] c.e.p.CreateRoomApiControllerTest        : Started CreateRoomApiControllerTest in 2.645 seconds (process running for 3.231)
2024-12-26T10:24:58.417+09:00 ERROR 83214 --- [    Test worker] i.n.r.d.DnsServerAddressStreamProviders  : Unable to load io.netty.resolver.dns.macos.MacOSDnsServerAddressStreamProvider, fallback to system defaults. This may result in incorrect DNS resolutions on MacOS. Check whether you have a dependency on 'io.netty:netty-resolver-dns-native-macos'. Use DEBUG level to see the full stack: java.lang.UnsatisfiedLinkError: failed to load the required native library
]]></system-out>
  <system-err><![CDATA[]]></system-err>
</testsuite>
