<?xml version="1.0" encoding="UTF-8"?>
<testsuite name="com.example.prography_quest.FindUserApiControllerTest" tests="1" skipped="0" failures="0" errors="0" timestamp="2024-05-02T13:26:34" hostname="baggyutaeui-MacBookAir.local" time="0.49">
  <properties/>
  <testcase name="findUser api 테스트 성공" classname="com.example.prography_quest.FindUserApiControllerTest" time="0.49"/>
  <system-out><![CDATA[?[2m2024-05-02T22:26:34.824+09:00?[0;39m ?[32m INFO?[0;39m ?[35m5433?[0;39m ?[2m---?[0;39m ?[2m[    Test worker]?[0;39m ?[36mt.c.s.AnnotationConfigContextLoaderUtils?[0;39m ?[2m:?[0;39m Could not detect default configuration classes for test class [com.example.prography_quest.FindUserApiControllerTest]: FindUserApiControllerTest does not declare any static, non-private, non-final, nested classes annotated with @Configuration.
?[2m2024-05-02T22:26:34.825+09:00?[0;39m ?[32m INFO?[0;39m ?[35m5433?[0;39m ?[2m---?[0;39m ?[2m[    Test worker]?[0;39m ?[36m.b.t.c.SpringBootTestContextBootstrapper?[0;39m ?[2m:?[0;39m Found @SpringBootConfiguration com.example.prography_quest.PrographyQuestApplication for test class com.example.prography_quest.FindUserApiControllerTest
]]></system-out>
  <system-err><![CDATA[]]></system-err>
</testsuite>
