<?xml version="1.0" encoding="UTF-8"?>
<testsuite name="com.example.prography_quest.PrographyQuestApplicationTests" tests="1" skipped="0" failures="0" errors="0" timestamp="2024-05-02T13:26:36" hostname="baggyutaeui-MacBookAir.local" time="0.002">
  <properties/>
  <testcase name="contextLoads()" classname="com.example.prography_quest.PrographyQuestApplicationTests" time="0.002"/>
  <system-out><![CDATA[?[2m2024-05-02T22:26:35.788+09:00?[0;39m ?[32m INFO?[0;39m ?[35m5433?[0;39m ?[2m---?[0;39m ?[2m[    Test worker]?[0;39m ?[36mt.c.s.AnnotationConfigContextLoaderUtils?[0;39m ?[2m:?[0;39m Could not detect default configuration classes for test class [com.example.prography_quest.PrographyQuestApplicationTests]: PrographyQuestApplicationTests does not declare any static, non-private, non-final, nested classes annotated with @Configuration.
?[2m2024-05-02T22:26:35.789+09:00?[0;39m ?[32m INFO?[0;39m ?[35m5433?[0;39m ?[2m---?[0;39m ?[2m[    Test worker]?[0;39m ?[36m.b.t.c.SpringBootTestContextBootstrapper?[0;39m ?[2m:?[0;39m Found @SpringBootConfiguration com.example.prography_quest.PrographyQuestApplication for test class com.example.prography_quest.PrographyQuestApplicationTests

  .   ____          _            __ _ _
 /\\ / ___'_ __ _ _(_)_ __  __ _ \ \ \ \
( ( )\___ | '_ | '_| | '_ \/ _` | \ \ \ \
 \\/  ___)| |_)| | | | | || (_| |  ) ) ) )
  '  |____| .__|_| |_|_| |_\__, | / / / /
 =========|_|==============|___/=/_/_/_/
?[32m :: Spring Boot :: ?[39m              ?[2m (v3.1.4)?[0;39m

?[2m2024-05-02T22:26:35.800+09:00?[0;39m ?[32m INFO?[0;39m ?[35m5433?[0;39m ?[2m---?[0;39m ?[2m[    Test worker]?[0;39m ?[36mc.e.p.PrographyQuestApplicationTests    ?[0;39m ?[2m:?[0;39m Starting PrographyQuestApplicationTests using Java 22.0.1 with PID 5433 (started by parkgyutae in /Users/parkgyutae/IdeaProjects/9th-prography-spring)
?[2m2024-05-02T22:26:35.800+09:00?[0;39m ?[32m INFO?[0;39m ?[35m5433?[0;39m ?[2m---?[0;39m ?[2m[    Test worker]?[0;39m ?[36mc.e.p.PrographyQuestApplicationTests    ?[0;39m ?[2m:?[0;39m No active profile set, falling back to 1 default profile: "default"
?[2m2024-05-02T22:26:35.871+09:00?[0;39m ?[32m INFO?[0;39m ?[35m5433?[0;39m ?[2m---?[0;39m ?[2m[    Test worker]?[0;39m ?[36m.s.d.r.c.RepositoryConfigurationDelegate?[0;39m ?[2m:?[0;39m Bootstrapping Spring Data JPA repositories in DEFAULT mode.
?[2m2024-05-02T22:26:35.877+09:00?[0;39m ?[32m INFO?[0;39m ?[35m5433?[0;39m ?[2m---?[0;39m ?[2m[    Test worker]?[0;39m ?[36m.s.d.r.c.RepositoryConfigurationDelegate?[0;39m ?[2m:?[0;39m Finished Spring Data repository scanning in 5 ms. Found 3 JPA repository interfaces.
?[2m2024-05-02T22:26:35.914+09:00?[0;39m ?[32m INFO?[0;39m ?[35m5433?[0;39m ?[2m---?[0;39m ?[2m[    Test worker]?[0;39m ?[36mo.hibernate.jpa.internal.util.LogHelper ?[0;39m ?[2m:?[0;39m HHH000204: Processing PersistenceUnitInfo [name: default]
?[2m2024-05-02T22:26:35.916+09:00?[0;39m ?[32m INFO?[0;39m ?[35m5433?[0;39m ?[2m---?[0;39m ?[2m[    Test worker]?[0;39m ?[36mo.h.b.i.BytecodeProviderInitiator       ?[0;39m ?[2m:?[0;39m HHH000021: Bytecode provider name : bytebuddy
?[2m2024-05-02T22:26:35.916+09:00?[0;39m ?[32m INFO?[0;39m ?[35m5433?[0;39m ?[2m---?[0;39m ?[2m[    Test worker]?[0;39m ?[36mo.s.o.j.p.SpringPersistenceUnitInfo     ?[0;39m ?[2m:?[0;39m No LoadTimeWeaver setup: ignoring JPA class transformer
?[2m2024-05-02T22:26:35.916+09:00?[0;39m ?[32m INFO?[0;39m ?[35m5433?[0;39m ?[2m---?[0;39m ?[2m[    Test worker]?[0;39m ?[36mcom.zaxxer.hikari.HikariDataSource      ?[0;39m ?[2m:?[0;39m HikariPool-2 - Starting...
?[2m2024-05-02T22:26:35.917+09:00?[0;39m ?[32m INFO?[0;39m ?[35m5433?[0;39m ?[2m---?[0;39m ?[2m[    Test worker]?[0;39m ?[36mcom.zaxxer.hikari.pool.HikariPool       ?[0;39m ?[2m:?[0;39m HikariPool-2 - Added connection conn10: url=jdbc:h2:mem:prography user=SA
?[2m2024-05-02T22:26:35.917+09:00?[0;39m ?[32m INFO?[0;39m ?[35m5433?[0;39m ?[2m---?[0;39m ?[2m[    Test worker]?[0;39m ?[36mcom.zaxxer.hikari.HikariDataSource      ?[0;39m ?[2m:?[0;39m HikariPool-2 - Start completed.
?[2m2024-05-02T22:26:35.922+09:00?[0;39m ?[32m INFO?[0;39m ?[35m5433?[0;39m ?[2m---?[0;39m ?[2m[    Test worker]?[0;39m ?[36mo.h.b.i.BytecodeProviderInitiator       ?[0;39m ?[2m:?[0;39m HHH000021: Bytecode provider name : bytebuddy
?[2m2024-05-02T22:26:35.944+09:00?[0;39m ?[32m INFO?[0;39m ?[35m5433?[0;39m ?[2m---?[0;39m ?[2m[    Test worker]?[0;39m ?[36mo.h.e.t.j.p.i.JtaPlatformInitiator      ?[0;39m ?[2m:?[0;39m HHH000490: Using JtaPlatform implementation: [org.hibernate.engine.transaction.jta.platform.internal.NoJtaPlatform]
?[2m2024-05-02T22:26:35.947+09:00?[0;39m ?[32m INFO?[0;39m ?[35m5433?[0;39m ?[2m---?[0;39m ?[2m[    Test worker]?[0;39m ?[36mj.LocalContainerEntityManagerFactoryBean?[0;39m ?[2m:?[0;39m Initialized JPA EntityManagerFactory for persistence unit 'default'
?[2m2024-05-02T22:26:36.019+09:00?[0;39m ?[33m WARN?[0;39m ?[35m5433?[0;39m ?[2m---?[0;39m ?[2m[    Test worker]?[0;39m ?[36m.s.s.UserDetailsServiceAutoConfiguration?[0;39m ?[2m:?[0;39m 

Using generated security password: 8ec57a7f-2549-4ec2-a378-56a0b59668a3

This generated password is for development use only. Your security configuration must be updated before running your application in production.

?[2m2024-05-02T22:26:36.023+09:00?[0;39m ?[32m INFO?[0;39m ?[35m5433?[0;39m ?[2m---?[0;39m ?[2m[    Test worker]?[0;39m ?[36mo.s.s.web.DefaultSecurityFilterChain    ?[0;39m ?[2m:?[0;39m Will secure any request with [org.springframework.security.web.session.DisableEncodeUrlFilter@1b48c142, org.springframework.security.web.context.request.async.WebAsyncManagerIntegrationFilter@1844e563, org.springframework.security.web.context.SecurityContextHolderFilter@4fa650e1, org.springframework.security.web.header.HeaderWriterFilter@13a34a70, org.springframework.security.web.authentication.logout.LogoutFilter@46c8a8e0, org.springframework.security.web.savedrequest.RequestCacheAwareFilter@54d8c998, org.springframework.security.web.servletapi.SecurityContextHolderAwareRequestFilter@5da1f9b9, org.springframework.security.web.authentication.AnonymousAuthenticationFilter@3dc238ae, org.springframework.security.web.session.SessionManagementFilter@2929ef51, org.springframework.security.web.access.ExceptionTranslationFilter@4aca25e8, org.springframework.security.web.access.intercept.AuthorizationFilter@6707ab9]
?[2m2024-05-02T22:26:36.239+09:00?[0;39m ?[32m INFO?[0;39m ?[35m5433?[0;39m ?[2m---?[0;39m ?[2m[    Test worker]?[0;39m ?[36mo.s.b.a.h2.H2ConsoleAutoConfiguration   ?[0;39m ?[2m:?[0;39m H2 console available at '/h2-console'. Database available at 'jdbc:h2:mem:prography'
?[2m2024-05-02T22:26:36.250+09:00?[0;39m ?[32m INFO?[0;39m ?[35m5433?[0;39m ?[2m---?[0;39m ?[2m[    Test worker]?[0;39m ?[36mc.e.p.PrographyQuestApplicationTests    ?[0;39m ?[2m:?[0;39m Started PrographyQuestApplicationTests in 0.46 seconds (process running for 6.926)
]]></system-out>
  <system-err><![CDATA[]]></system-err>
</testsuite>
