<?xml version="1.0" encoding="UTF-8"?>
<testsuite name="com.example.prography_quest.InitApiControllerTest" tests="2" skipped="0" failures="0" errors="0" timestamp="2024-05-02T13:26:35" hostname="baggyutaeui-MacBookAir.local" time="0.46">
  <properties/>
  <testcase name="Init api 테스트 성공" classname="com.example.prography_quest.InitApiControllerTest" time="0.457"/>
  <testcase name="Health 체크 api 테스트 성공" classname="com.example.prography_quest.InitApiControllerTest" time="0.003"/>
  <system-out><![CDATA[?[2m2024-05-02T22:26:35.325+09:00?[0;39m ?[32m INFO?[0;39m ?[35m5433?[0;39m ?[2m---?[0;39m ?[2m[    Test worker]?[0;39m ?[36mt.c.s.AnnotationConfigContextLoaderUtils?[0;39m ?[2m:?[0;39m Could not detect default configuration classes for test class [com.example.prography_quest.InitApiControllerTest]: InitApiControllerTest does not declare any static, non-private, non-final, nested classes annotated with @Configuration.
?[2m2024-05-02T22:26:35.326+09:00?[0;39m ?[32m INFO?[0;39m ?[35m5433?[0;39m ?[2m---?[0;39m ?[2m[    Test worker]?[0;39m ?[36m.b.t.c.SpringBootTestContextBootstrapper?[0;39m ?[2m:?[0;39m Found @SpringBootConfiguration com.example.prography_quest.PrographyQuestApplication for test class com.example.prography_quest.InitApiControllerTest
]]></system-out>
  <system-err><![CDATA[]]></system-err>
</testsuite>
