<?xml version="1.0" encoding="UTF-8"?>
<testsuite name="com.example.prography_quest.CreateRoomApiControllerTest" tests="1" skipped="0" failures="0" errors="0" timestamp="2024-05-02T13:26:32" hostname="baggyutaeui-MacBookAir.local" time="2.717">
  <properties/>
  <testcase name="CreateRoom api 테스트 성공" classname="com.example.prography_quest.CreateRoomApiControllerTest" time="2.717"/>
  <system-out><![CDATA[22:26:29.732 [Test worker] INFO org.springframework.test.context.support.AnnotationConfigContextLoaderUtils -- Could not detect default configuration classes for test class [com.example.prography_quest.CreateRoomApiControllerTest]: CreateRoomApiControllerTest does not declare any static, non-private, non-final, nested classes annotated with @Configuration.
22:26:29.781 [Test worker] INFO org.springframework.boot.test.context.SpringBootTestContextBootstrapper -- Found @SpringBootConfiguration com.example.prography_quest.PrographyQuestApplication for test class com.example.prography_quest.CreateRoomApiControllerTest

  .   ____          _            __ _ _
 /\\ / ___'_ __ _ _(_)_ __  __ _ \ \ \ \
( ( )\___ | '_ | '_| | '_ \/ _` | \ \ \ \
 \\/  ___)| |_)| | | | | || (_| |  ) ) ) )
  '  |____| .__|_| |_|_| |_\__, | / / / /
 =========|_|==============|___/=/_/_/_/
?[32m :: Spring Boot :: ?[39m              ?[2m (v3.1.4)?[0;39m

?[2m2024-05-02T22:26:29.984+09:00?[0;39m ?[32m INFO?[0;39m ?[35m5433?[0;39m ?[2m---?[0;39m ?[2m[    Test worker]?[0;39m ?[36mc.e.p.CreateRoomApiControllerTest       ?[0;39m ?[2m:?[0;39m Starting CreateRoomApiControllerTest using Java 22.0.1 with PID 5433 (started by parkgyutae in /Users/parkgyutae/IdeaProjects/9th-prography-spring)
?[2m2024-05-02T22:26:29.985+09:00?[0;39m ?[32m INFO?[0;39m ?[35m5433?[0;39m ?[2m---?[0;39m ?[2m[    Test worker]?[0;39m ?[36mc.e.p.CreateRoomApiControllerTest       ?[0;39m ?[2m:?[0;39m No active profile set, falling back to 1 default profile: "default"
?[2m2024-05-02T22:26:30.319+09:00?[0;39m ?[32m INFO?[0;39m ?[35m5433?[0;39m ?[2m---?[0;39m ?[2m[    Test worker]?[0;39m ?[36m.s.d.r.c.RepositoryConfigurationDelegate?[0;39m ?[2m:?[0;39m Bootstrapping Spring Data JPA repositories in DEFAULT mode.
?[2m2024-05-02T22:26:30.384+09:00?[0;39m ?[32m INFO?[0;39m ?[35m5433?[0;39m ?[2m---?[0;39m ?[2m[    Test worker]?[0;39m ?[36m.s.d.r.c.RepositoryConfigurationDelegate?[0;39m ?[2m:?[0;39m Finished Spring Data repository scanning in 62 ms. Found 3 JPA repository interfaces.
?[2m2024-05-02T22:26:30.626+09:00?[0;39m ?[32m INFO?[0;39m ?[35m5433?[0;39m ?[2m---?[0;39m ?[2m[    Test worker]?[0;39m ?[36mo.hibernate.jpa.internal.util.LogHelper ?[0;39m ?[2m:?[0;39m HHH000204: Processing PersistenceUnitInfo [name: default]
?[2m2024-05-02T22:26:30.646+09:00?[0;39m ?[32m INFO?[0;39m ?[35m5433?[0;39m ?[2m---?[0;39m ?[2m[    Test worker]?[0;39m ?[36morg.hibernate.Version                   ?[0;39m ?[2m:?[0;39m HHH000412: Hibernate ORM core version 6.2.9.Final
?[2m2024-05-02T22:26:30.647+09:00?[0;39m ?[32m INFO?[0;39m ?[35m5433?[0;39m ?[2m---?[0;39m ?[2m[    Test worker]?[0;39m ?[36morg.hibernate.cfg.Environment           ?[0;39m ?[2m:?[0;39m HHH000406: Using bytecode reflection optimizer
?[2m2024-05-02T22:26:30.693+09:00?[0;39m ?[32m INFO?[0;39m ?[35m5433?[0;39m ?[2m---?[0;39m ?[2m[    Test worker]?[0;39m ?[36mo.h.b.i.BytecodeProviderInitiator       ?[0;39m ?[2m:?[0;39m HHH000021: Bytecode provider name : bytebuddy
?[2m2024-05-02T22:26:30.746+09:00?[0;39m ?[32m INFO?[0;39m ?[35m5433?[0;39m ?[2m---?[0;39m ?[2m[    Test worker]?[0;39m ?[36mo.s.o.j.p.SpringPersistenceUnitInfo     ?[0;39m ?[2m:?[0;39m No LoadTimeWeaver setup: ignoring JPA class transformer
?[2m2024-05-02T22:26:30.755+09:00?[0;39m ?[32m INFO?[0;39m ?[35m5433?[0;39m ?[2m---?[0;39m ?[2m[    Test worker]?[0;39m ?[36mcom.zaxxer.hikari.HikariDataSource      ?[0;39m ?[2m:?[0;39m HikariPool-1 - Starting...
?[2m2024-05-02T22:26:30.835+09:00?[0;39m ?[32m INFO?[0;39m ?[35m5433?[0;39m ?[2m---?[0;39m ?[2m[    Test worker]?[0;39m ?[36mcom.zaxxer.hikari.pool.HikariPool       ?[0;39m ?[2m:?[0;39m HikariPool-1 - Added connection conn0: url=jdbc:h2:mem:prography user=SA
?[2m2024-05-02T22:26:30.836+09:00?[0;39m ?[32m INFO?[0;39m ?[35m5433?[0;39m ?[2m---?[0;39m ?[2m[    Test worker]?[0;39m ?[36mcom.zaxxer.hikari.HikariDataSource      ?[0;39m ?[2m:?[0;39m HikariPool-1 - Start completed.
?[2m2024-05-02T22:26:30.929+09:00?[0;39m ?[32m INFO?[0;39m ?[35m5433?[0;39m ?[2m---?[0;39m ?[2m[    Test worker]?[0;39m ?[36mo.h.b.i.BytecodeProviderInitiator       ?[0;39m ?[2m:?[0;39m HHH000021: Bytecode provider name : bytebuddy
?[2m2024-05-02T22:26:31.198+09:00?[0;39m ?[32m INFO?[0;39m ?[35m5433?[0;39m ?[2m---?[0;39m ?[2m[    Test worker]?[0;39m ?[36mo.h.e.t.j.p.i.JtaPlatformInitiator      ?[0;39m ?[2m:?[0;39m HHH000490: Using JtaPlatform implementation: [org.hibernate.engine.transaction.jta.platform.internal.NoJtaPlatform]
?[2m2024-05-02T22:26:31.214+09:00?[0;39m ?[32m INFO?[0;39m ?[35m5433?[0;39m ?[2m---?[0;39m ?[2m[    Test worker]?[0;39m ?[36mj.LocalContainerEntityManagerFactoryBean?[0;39m ?[2m:?[0;39m Initialized JPA EntityManagerFactory for persistence unit 'default'
?[2m2024-05-02T22:26:31.463+09:00?[0;39m ?[33m WARN?[0;39m ?[35m5433?[0;39m ?[2m---?[0;39m ?[2m[    Test worker]?[0;39m ?[36m.s.s.UserDetailsServiceAutoConfiguration?[0;39m ?[2m:?[0;39m 

Using generated security password: b89d144c-61cc-4b61-8d52-4e4f074f57ba

This generated password is for development use only. Your security configuration must be updated before running your application in production.

?[2m2024-05-02T22:26:31.510+09:00?[0;39m ?[32m INFO?[0;39m ?[35m5433?[0;39m ?[2m---?[0;39m ?[2m[    Test worker]?[0;39m ?[36mo.s.s.web.DefaultSecurityFilterChain    ?[0;39m ?[2m:?[0;39m Will secure any request with [org.springframework.security.web.session.DisableEncodeUrlFilter@685e5967, org.springframework.security.web.context.request.async.WebAsyncManagerIntegrationFilter@106387cf, org.springframework.security.web.context.SecurityContextHolderFilter@5e445ffe, org.springframework.security.web.header.HeaderWriterFilter@78ca8258, org.springframework.security.web.authentication.logout.LogoutFilter@2e0de20d, org.springframework.security.web.savedrequest.RequestCacheAwareFilter@2a9fd482, org.springframework.security.web.servletapi.SecurityContextHolderAwareRequestFilter@4d21b505, org.springframework.security.web.authentication.AnonymousAuthenticationFilter@3d3c14c3, org.springframework.security.web.session.SessionManagementFilter@38224635, org.springframework.security.web.access.ExceptionTranslationFilter@48dc06a9, org.springframework.security.web.access.intercept.AuthorizationFilter@59b43e35]
?[2m2024-05-02T22:26:31.995+09:00?[0;39m ?[32m INFO?[0;39m ?[35m5433?[0;39m ?[2m---?[0;39m ?[2m[    Test worker]?[0;39m ?[36mo.s.b.a.h2.H2ConsoleAutoConfiguration   ?[0;39m ?[2m:?[0;39m H2 console available at '/h2-console'. Database available at 'jdbc:h2:mem:prography'
?[2m2024-05-02T22:26:32.056+09:00?[0;39m ?[32m INFO?[0;39m ?[35m5433?[0;39m ?[2m---?[0;39m ?[2m[    Test worker]?[0;39m ?[36mo.s.b.t.m.w.SpringBootMockServletContext?[0;39m ?[2m:?[0;39m Initializing Spring TestDispatcherServlet ''
?[2m2024-05-02T22:26:32.056+09:00?[0;39m ?[32m INFO?[0;39m ?[35m5433?[0;39m ?[2m---?[0;39m ?[2m[    Test worker]?[0;39m ?[36mo.s.t.web.servlet.TestDispatcherServlet ?[0;39m ?[2m:?[0;39m Initializing Servlet ''
?[2m2024-05-02T22:26:32.057+09:00?[0;39m ?[32m INFO?[0;39m ?[35m5433?[0;39m ?[2m---?[0;39m ?[2m[    Test worker]?[0;39m ?[36mo.s.t.web.servlet.TestDispatcherServlet ?[0;39m ?[2m:?[0;39m Completed initialization in 1 ms
?[2m2024-05-02T22:26:32.095+09:00?[0;39m ?[32m INFO?[0;39m ?[35m5433?[0;39m ?[2m---?[0;39m ?[2m[    Test worker]?[0;39m ?[36mc.e.p.CreateRoomApiControllerTest       ?[0;39m ?[2m:?[0;39m Started CreateRoomApiControllerTest in 2.257 seconds (process running for 2.771)
?[2m2024-05-02T22:26:32.663+09:00?[0;39m ?[31mERROR?[0;39m ?[35m5433?[0;39m ?[2m---?[0;39m ?[2m[    Test worker]?[0;39m ?[36mi.n.r.d.DnsServerAddressStreamProviders ?[0;39m ?[2m:?[0;39m Unable to load io.netty.resolver.dns.macos.MacOSDnsServerAddressStreamProvider, fallback to system defaults. This may result in incorrect DNS resolutions on MacOS. Check whether you have a dependency on 'io.netty:netty-resolver-dns-native-macos'. Use DEBUG level to see the full stack: java.lang.UnsatisfiedLinkError: failed to load the required native library
]]></system-out>
  <system-err><![CDATA[WARNING: A Java agent has been loaded dynamically (/Users/parkgyutae/.gradle/caches/modules-2/files-2.1/net.bytebuddy/byte-buddy-agent/1.14.8/ae6ebe485f3bcd0a1e20241488a32e6400a501ef/byte-buddy-agent-1.14.8.jar)
WARNING: If a serviceability tool is in use, please run with -XX:+EnableDynamicAgentLoading to hide this warning
WARNING: If a serviceability tool is not in use, please run with -Djdk.instrument.traceUsage for more information
WARNING: Dynamic loading of agents will be disallowed by default in a future release
]]></system-err>
</testsuite>
