<?xml version="1.0" encoding="UTF-8"?>
<testsuite name="com.example.prography_quest.InitApiControllerTest" tests="2" skipped="0" failures="0" errors="0" timestamp="2024-05-01T19:04:45" hostname="baggyutaeui-MacBookAir.local" time="2.729">
  <properties/>
  <testcase name="Init api 테스트 성공" classname="com.example.prography_quest.InitApiControllerTest" time="2.725"/>
  <testcase name="Health 체크 api 테스트 성공" classname="com.example.prography_quest.InitApiControllerTest" time="0.004"/>
  <system-out><![CDATA[04:04:42.899 [Test worker] INFO org.springframework.test.context.support.AnnotationConfigContextLoaderUtils -- Could not detect default configuration classes for test class [com.example.prography_quest.InitApiControllerTest]: InitApiControllerTest does not declare any static, non-private, non-final, nested classes annotated with @Configuration.
04:04:42.953 [Test worker] INFO org.springframework.boot.test.context.SpringBootTestContextBootstrapper -- Found @SpringBootConfiguration com.example.prography_quest.PrographyQuestApplication for test class com.example.prography_quest.InitApiControllerTest

  .   ____          _            __ _ _
 /\\ / ___'_ __ _ _(_)_ __  __ _ \ \ \ \
( ( )\___ | '_ | '_| | '_ \/ _` | \ \ \ \
 \\/  ___)| |_)| | | | | || (_| |  ) ) ) )
  '  |____| .__|_| |_|_| |_\__, | / / / /
 =========|_|==============|___/=/_/_/_/
 :: Spring Boot ::                (v3.1.4)

2024-05-02T04:04:43.141+09:00  INFO 4626 --- [    Test worker] c.e.p.InitApiControllerTest              : Starting InitApiControllerTest using Java 19.0.2 with PID 4626 (started by parkgyutae in /Users/parkgyutae/IdeaProjects/9th-prography-spring)
2024-05-02T04:04:43.142+09:00  INFO 4626 --- [    Test worker] c.e.p.InitApiControllerTest              : No active profile set, falling back to 1 default profile: "default"
2024-05-02T04:04:43.509+09:00  INFO 4626 --- [    Test worker] .s.d.r.c.RepositoryConfigurationDelegate : Bootstrapping Spring Data JPA repositories in DEFAULT mode.
2024-05-02T04:04:43.585+09:00  INFO 4626 --- [    Test worker] .s.d.r.c.RepositoryConfigurationDelegate : Finished Spring Data repository scanning in 74 ms. Found 3 JPA repository interfaces.
2024-05-02T04:04:43.938+09:00  INFO 4626 --- [    Test worker] o.hibernate.jpa.internal.util.LogHelper  : HHH000204: Processing PersistenceUnitInfo [name: default]
2024-05-02T04:04:43.971+09:00  INFO 4626 --- [    Test worker] org.hibernate.Version                    : HHH000412: Hibernate ORM core version 6.2.9.Final
2024-05-02T04:04:43.973+09:00  INFO 4626 --- [    Test worker] org.hibernate.cfg.Environment            : HHH000406: Using bytecode reflection optimizer
2024-05-02T04:04:44.037+09:00  INFO 4626 --- [    Test worker] o.h.b.i.BytecodeProviderInitiator        : HHH000021: Bytecode provider name : bytebuddy
2024-05-02T04:04:44.100+09:00  INFO 4626 --- [    Test worker] o.s.o.j.p.SpringPersistenceUnitInfo      : No LoadTimeWeaver setup: ignoring JPA class transformer
2024-05-02T04:04:44.109+09:00  INFO 4626 --- [    Test worker] com.zaxxer.hikari.HikariDataSource       : HikariPool-1 - Starting...
2024-05-02T04:04:44.212+09:00  INFO 4626 --- [    Test worker] com.zaxxer.hikari.pool.HikariPool        : HikariPool-1 - Added connection conn0: url=jdbc:h2:mem:prography user=SA
2024-05-02T04:04:44.213+09:00  INFO 4626 --- [    Test worker] com.zaxxer.hikari.HikariDataSource       : HikariPool-1 - Start completed.
2024-05-02T04:04:44.315+09:00  INFO 4626 --- [    Test worker] o.h.b.i.BytecodeProviderInitiator        : HHH000021: Bytecode provider name : bytebuddy
2024-05-02T04:04:44.602+09:00  INFO 4626 --- [    Test worker] o.h.e.t.j.p.i.JtaPlatformInitiator       : HHH000490: Using JtaPlatform implementation: [org.hibernate.engine.transaction.jta.platform.internal.NoJtaPlatform]
2024-05-02T04:04:44.619+09:00  INFO 4626 --- [    Test worker] j.LocalContainerEntityManagerFactoryBean : Initialized JPA EntityManagerFactory for persistence unit 'default'
2024-05-02T04:04:44.861+09:00  WARN 4626 --- [    Test worker] .s.s.UserDetailsServiceAutoConfiguration : 

Using generated security password: 5ae67299-580c-4296-ab07-a19141556ffb

This generated password is for development use only. Your security configuration must be updated before running your application in production.

2024-05-02T04:04:44.911+09:00  INFO 4626 --- [    Test worker] o.s.s.web.DefaultSecurityFilterChain     : Will secure any request with [org.springframework.security.web.session.DisableEncodeUrlFilter@4d5d945d, org.springframework.security.web.context.request.async.WebAsyncManagerIntegrationFilter@60c33609, org.springframework.security.web.context.SecurityContextHolderFilter@6700374f, org.springframework.security.web.header.HeaderWriterFilter@f5314bc, org.springframework.security.web.authentication.logout.LogoutFilter@10545d02, org.springframework.security.web.savedrequest.RequestCacheAwareFilter@53ce27fa, org.springframework.security.web.servletapi.SecurityContextHolderAwareRequestFilter@495598c5, org.springframework.security.web.authentication.AnonymousAuthenticationFilter@6137dc84, org.springframework.security.web.session.SessionManagementFilter@71eead09, org.springframework.security.web.access.ExceptionTranslationFilter@642b2176, org.springframework.security.web.access.intercept.AuthorizationFilter@834b0f7]
2024-05-02T04:04:45.411+09:00  INFO 4626 --- [    Test worker] o.s.b.a.h2.H2ConsoleAutoConfiguration    : H2 console available at '/h2-console'. Database available at 'jdbc:h2:mem:prography'
2024-05-02T04:04:45.475+09:00  INFO 4626 --- [    Test worker] o.s.b.t.m.w.SpringBootMockServletContext : Initializing Spring TestDispatcherServlet ''
2024-05-02T04:04:45.475+09:00  INFO 4626 --- [    Test worker] o.s.t.web.servlet.TestDispatcherServlet  : Initializing Servlet ''
2024-05-02T04:04:45.476+09:00  INFO 4626 --- [    Test worker] o.s.t.web.servlet.TestDispatcherServlet  : Completed initialization in 1 ms
2024-05-02T04:04:45.513+09:00  INFO 4626 --- [    Test worker] c.e.p.InitApiControllerTest              : Started InitApiControllerTest in 2.495 seconds (process running for 2.993)
2024-05-02T04:04:46.101+09:00 ERROR 4626 --- [    Test worker] i.n.r.d.DnsServerAddressStreamProviders  : Unable to load io.netty.resolver.dns.macos.MacOSDnsServerAddressStreamProvider, fallback to system defaults. This may result in incorrect DNS resolutions on MacOS. Check whether you have a dependency on 'io.netty:netty-resolver-dns-native-macos'. Use DEBUG level to see the full stack: java.lang.UnsatisfiedLinkError: failed to load the required native library
]]></system-out>
  <system-err><![CDATA[]]></system-err>
</testsuite>
