<?xml version="1.0" encoding="UTF-8"?>
<testsuite name="com.example.prography_quest.TestCase1" tests="1" skipped="0" failures="0" errors="0" timestamp="2024-09-10T05:57:04" hostname="baggyutaeui-MacBookAir.local" time="2.761">
  <properties/>
  <testcase name="TC1 테스트 성공" classname="com.example.prography_quest.TestCase1" time="2.761"/>
  <system-out><![CDATA[14:57:02.340 [Test worker] INFO org.springframework.test.context.support.AnnotationConfigContextLoaderUtils -- Could not detect default configuration classes for test class [com.example.prography_quest.TestCase1]: TestCase1 does not declare any static, non-private, non-final, nested classes annotated with @Configuration.
14:57:02.398 [Test worker] INFO org.springframework.boot.test.context.SpringBootTestContextBootstrapper -- Found @SpringBootConfiguration com.example.prography_quest.PrographyQuestApplication for test class com.example.prography_quest.TestCase1

  .   ____          _            __ _ _
 /\\ / ___'_ __ _ _(_)_ __  __ _ \ \ \ \
( ( )\___ | '_ | '_| | '_ \/ _` | \ \ \ \
 \\/  ___)| |_)| | | | | || (_| |  ) ) ) )
  '  |____| .__|_| |_|_| |_\__, | / / / /
 =========|_|==============|___/=/_/_/_/
 :: Spring Boot ::                (v3.1.4)

2024-09-10T14:57:02.588+09:00  INFO 10991 --- [    Test worker] com.example.prography_quest.TestCase1    : Starting TestCase1 using Java 19.0.2 with PID 10991 (started by parkgyutae in /Users/parkgyutae/IdeaProjects/9th-prography-spring)
2024-09-10T14:57:02.589+09:00  INFO 10991 --- [    Test worker] com.example.prography_quest.TestCase1    : No active profile set, falling back to 1 default profile: "default"
2024-09-10T14:57:02.977+09:00  INFO 10991 --- [    Test worker] .s.d.r.c.RepositoryConfigurationDelegate : Bootstrapping Spring Data JPA repositories in DEFAULT mode.
2024-09-10T14:57:03.052+09:00  INFO 10991 --- [    Test worker] .s.d.r.c.RepositoryConfigurationDelegate : Finished Spring Data repository scanning in 72 ms. Found 3 JPA repository interfaces.
2024-09-10T14:57:03.309+09:00  INFO 10991 --- [    Test worker] o.hibernate.jpa.internal.util.LogHelper  : HHH000204: Processing PersistenceUnitInfo [name: default]
2024-09-10T14:57:03.336+09:00  INFO 10991 --- [    Test worker] org.hibernate.Version                    : HHH000412: Hibernate ORM core version 6.2.9.Final
2024-09-10T14:57:03.337+09:00  INFO 10991 --- [    Test worker] org.hibernate.cfg.Environment            : HHH000406: Using bytecode reflection optimizer
2024-09-10T14:57:03.399+09:00  INFO 10991 --- [    Test worker] o.h.b.i.BytecodeProviderInitiator        : HHH000021: Bytecode provider name : bytebuddy
2024-09-10T14:57:03.460+09:00  INFO 10991 --- [    Test worker] o.s.o.j.p.SpringPersistenceUnitInfo      : No LoadTimeWeaver setup: ignoring JPA class transformer
2024-09-10T14:57:03.469+09:00  INFO 10991 --- [    Test worker] com.zaxxer.hikari.HikariDataSource       : HikariPool-1 - Starting...
2024-09-10T14:57:03.572+09:00  INFO 10991 --- [    Test worker] com.zaxxer.hikari.pool.HikariPool        : HikariPool-1 - Added connection conn0: url=jdbc:h2:mem:prography user=SA
2024-09-10T14:57:03.573+09:00  INFO 10991 --- [    Test worker] com.zaxxer.hikari.HikariDataSource       : HikariPool-1 - Start completed.
2024-09-10T14:57:03.678+09:00  INFO 10991 --- [    Test worker] o.h.b.i.BytecodeProviderInitiator        : HHH000021: Bytecode provider name : bytebuddy
2024-09-10T14:57:03.990+09:00  INFO 10991 --- [    Test worker] o.h.e.t.j.p.i.JtaPlatformInitiator       : HHH000490: Using JtaPlatform implementation: [org.hibernate.engine.transaction.jta.platform.internal.NoJtaPlatform]
2024-09-10T14:57:04.009+09:00  INFO 10991 --- [    Test worker] j.LocalContainerEntityManagerFactoryBean : Initialized JPA EntityManagerFactory for persistence unit 'default'
2024-09-10T14:57:04.278+09:00  WARN 10991 --- [    Test worker] .s.s.UserDetailsServiceAutoConfiguration : 

Using generated security password: 8a20ecf2-efc4-4d50-add0-d64a17b0c238

This generated password is for development use only. Your security configuration must be updated before running your application in production.

2024-09-10T14:57:04.331+09:00  INFO 10991 --- [    Test worker] o.s.s.web.DefaultSecurityFilterChain     : Will secure any request with [org.springframework.security.web.session.DisableEncodeUrlFilter@22f1a340, org.springframework.security.web.context.request.async.WebAsyncManagerIntegrationFilter@32f243f, org.springframework.security.web.context.SecurityContextHolderFilter@7ceb7a60, org.springframework.security.web.header.HeaderWriterFilter@586af46, org.springframework.security.web.authentication.logout.LogoutFilter@7154a248, org.springframework.security.web.savedrequest.RequestCacheAwareFilter@6b8683b8, org.springframework.security.web.servletapi.SecurityContextHolderAwareRequestFilter@1798c749, org.springframework.security.web.authentication.AnonymousAuthenticationFilter@7aa5292d, org.springframework.security.web.session.SessionManagementFilter@6700374f, org.springframework.security.web.access.ExceptionTranslationFilter@5b9ca528, org.springframework.security.web.access.intercept.AuthorizationFilter@4d5d945d]
2024-09-10T14:57:04.865+09:00  INFO 10991 --- [    Test worker] o.s.b.a.h2.H2ConsoleAutoConfiguration    : H2 console available at '/h2-console'. Database available at 'jdbc:h2:mem:prography'
2024-09-10T14:57:04.930+09:00  INFO 10991 --- [    Test worker] o.s.b.t.m.w.SpringBootMockServletContext : Initializing Spring TestDispatcherServlet ''
2024-09-10T14:57:04.930+09:00  INFO 10991 --- [    Test worker] o.s.t.web.servlet.TestDispatcherServlet  : Initializing Servlet ''
2024-09-10T14:57:04.931+09:00  INFO 10991 --- [    Test worker] o.s.t.web.servlet.TestDispatcherServlet  : Completed initialization in 1 ms
2024-09-10T14:57:04.976+09:00  INFO 10991 --- [    Test worker] com.example.prography_quest.TestCase1    : Started TestCase1 in 2.512 seconds (process running for 3.018)
2024-09-10T14:57:05.681+09:00 ERROR 10991 --- [    Test worker] i.n.r.d.DnsServerAddressStreamProviders  : Unable to load io.netty.resolver.dns.macos.MacOSDnsServerAddressStreamProvider, fallback to system defaults. This may result in incorrect DNS resolutions on MacOS. Check whether you have a dependency on 'io.netty:netty-resolver-dns-native-macos'. Use DEBUG level to see the full stack: java.lang.UnsatisfiedLinkError: failed to load the required native library
]]></system-out>
  <system-err><![CDATA[]]></system-err>
</testsuite>
