<?xml version="1.0" encoding="UTF-8"?>
<testsuite name="com.example.prography_quest.FindUserApiControllerTest" tests="1" skipped="0" failures="0" errors="0" timestamp="2024-12-26T01:22:35" hostname="baggyutaeui-MacBookAir.local" time="2.579">
  <properties/>
  <testcase name="findUser api 테스트 성공" classname="com.example.prography_quest.FindUserApiControllerTest" time="2.579"/>
  <system-out><![CDATA[10:22:32.753 [Test worker] INFO org.springframework.test.context.support.AnnotationConfigContextLoaderUtils -- Could not detect default configuration classes for test class [com.example.prography_quest.FindUserApiControllerTest]: FindUserApiControllerTest does not declare any static, non-private, non-final, nested classes annotated with @Configuration.
10:22:32.810 [Test worker] INFO org.springframework.boot.test.context.SpringBootTestContextBootstrapper -- Found @SpringBootConfiguration com.example.prography_quest.PrographyQuestApplication for test class com.example.prography_quest.FindUserApiControllerTest

  .   ____          _            __ _ _
 /\\ / ___'_ __ _ _(_)_ __  __ _ \ \ \ \
( ( )\___ | '_ | '_| | '_ \/ _` | \ \ \ \
 \\/  ___)| |_)| | | | | || (_| |  ) ) ) )
  '  |____| .__|_| |_|_| |_\__, | / / / /
 =========|_|==============|___/=/_/_/_/
 :: Spring Boot ::                (v3.1.4)

2024-12-26T10:22:33.008+09:00  INFO 83071 --- [    Test worker] c.e.p.FindUserApiControllerTest          : Starting FindUserApiControllerTest using Java 19.0.2 with PID 83071 (started by parkgyutae in /Users/parkgyutae/IdeaProjects/9th-prography-spring)
2024-12-26T10:22:33.009+09:00  INFO 83071 --- [    Test worker] c.e.p.FindUserApiControllerTest          : The following 1 profile is active: "dev"
2024-12-26T10:22:33.403+09:00  INFO 83071 --- [    Test worker] .s.d.r.c.RepositoryConfigurationDelegate : Bootstrapping Spring Data JPA repositories in DEFAULT mode.
2024-12-26T10:22:33.485+09:00  INFO 83071 --- [    Test worker] .s.d.r.c.RepositoryConfigurationDelegate : Finished Spring Data repository scanning in 79 ms. Found 3 JPA repository interfaces.
2024-12-26T10:22:33.753+09:00  INFO 83071 --- [    Test worker] o.hibernate.jpa.internal.util.LogHelper  : HHH000204: Processing PersistenceUnitInfo [name: default]
2024-12-26T10:22:33.777+09:00  INFO 83071 --- [    Test worker] org.hibernate.Version                    : HHH000412: Hibernate ORM core version 6.2.9.Final
2024-12-26T10:22:33.778+09:00  INFO 83071 --- [    Test worker] org.hibernate.cfg.Environment            : HHH000406: Using bytecode reflection optimizer
2024-12-26T10:22:33.833+09:00  INFO 83071 --- [    Test worker] o.h.b.i.BytecodeProviderInitiator        : HHH000021: Bytecode provider name : bytebuddy
2024-12-26T10:22:33.890+09:00  INFO 83071 --- [    Test worker] o.s.o.j.p.SpringPersistenceUnitInfo      : No LoadTimeWeaver setup: ignoring JPA class transformer
2024-12-26T10:22:33.898+09:00  INFO 83071 --- [    Test worker] com.zaxxer.hikari.HikariDataSource       : HikariPool-1 - Starting...
2024-12-26T10:22:33.983+09:00  INFO 83071 --- [    Test worker] com.zaxxer.hikari.pool.HikariPool        : HikariPool-1 - Added connection conn0: url=jdbc:h2:mem:prography user=SA
2024-12-26T10:22:33.984+09:00  INFO 83071 --- [    Test worker] com.zaxxer.hikari.HikariDataSource       : HikariPool-1 - Start completed.
2024-12-26T10:22:34.086+09:00  INFO 83071 --- [    Test worker] o.h.b.i.BytecodeProviderInitiator        : HHH000021: Bytecode provider name : bytebuddy
2024-12-26T10:22:34.386+09:00  INFO 83071 --- [    Test worker] o.h.e.t.j.p.i.JtaPlatformInitiator       : HHH000490: Using JtaPlatform implementation: [org.hibernate.engine.transaction.jta.platform.internal.NoJtaPlatform]
2024-12-26T10:22:34.403+09:00  INFO 83071 --- [    Test worker] j.LocalContainerEntityManagerFactoryBean : Initialized JPA EntityManagerFactory for persistence unit 'default'
2024-12-26T10:22:34.674+09:00  WARN 83071 --- [    Test worker] .s.s.UserDetailsServiceAutoConfiguration : 

Using generated security password: 8d1a130b-af19-40e4-8851-247330100c1d

This generated password is for development use only. Your security configuration must be updated before running your application in production.

2024-12-26T10:22:34.728+09:00  INFO 83071 --- [    Test worker] o.s.s.web.DefaultSecurityFilterChain     : Will secure any request with [org.springframework.security.web.session.DisableEncodeUrlFilter@1ea78c72, org.springframework.security.web.context.request.async.WebAsyncManagerIntegrationFilter@3437fc4f, org.springframework.security.web.context.SecurityContextHolderFilter@66831b14, org.springframework.security.web.header.HeaderWriterFilter@3c070ade, org.springframework.security.web.authentication.logout.LogoutFilter@5603632c, com.example.prography_quest.global.common.jwt.JwtAuthenticationFilter@42a198dd, org.springframework.security.web.savedrequest.RequestCacheAwareFilter@3a641f6, org.springframework.security.web.servletapi.SecurityContextHolderAwareRequestFilter@13f255ed, org.springframework.security.web.authentication.AnonymousAuthenticationFilter@5924ea91, org.springframework.security.web.session.SessionManagementFilter@650997b0, org.springframework.security.web.access.ExceptionTranslationFilter@7a8e484b, org.springframework.security.web.access.intercept.AuthorizationFilter@34f3c920]
2024-12-26T10:22:35.290+09:00  INFO 83071 --- [    Test worker] o.s.b.a.h2.H2ConsoleAutoConfiguration    : H2 console available at '/h2-console'. Database available at 'jdbc:h2:mem:prography'
2024-12-26T10:22:35.368+09:00  INFO 83071 --- [    Test worker] o.s.b.t.m.w.SpringBootMockServletContext : Initializing Spring TestDispatcherServlet ''
2024-12-26T10:22:35.368+09:00  INFO 83071 --- [    Test worker] o.s.t.web.servlet.TestDispatcherServlet  : Initializing Servlet ''
2024-12-26T10:22:35.369+09:00  INFO 83071 --- [    Test worker] o.s.t.web.servlet.TestDispatcherServlet  : Completed initialization in 1 ms
2024-12-26T10:22:35.414+09:00  INFO 83071 --- [    Test worker] c.e.p.FindUserApiControllerTest          : Started FindUserApiControllerTest in 2.543 seconds (process running for 3.088)
2024-12-26T10:22:36.087+09:00 ERROR 83071 --- [    Test worker] i.n.r.d.DnsServerAddressStreamProviders  : Unable to load io.netty.resolver.dns.macos.MacOSDnsServerAddressStreamProvider, fallback to system defaults. This may result in incorrect DNS resolutions on MacOS. Check whether you have a dependency on 'io.netty:netty-resolver-dns-native-macos'. Use DEBUG level to see the full stack: java.lang.UnsatisfiedLinkError: failed to load the required native library
]]></system-out>
  <system-err><![CDATA[]]></system-err>
</testsuite>
